<?xml version="1.0" encoding="UTF-8"?>
<testsuite xmlns:xsi="http://www.w3.org/2001/XMLSchema-instance" xsi:noNamespaceSchemaLocation="https://maven.apache.org/surefire/maven-surefire-plugin/xsd/surefire-test-report-3.0.xsd" version="3.0" name="chess.BoardTests" time="0.031" tests="4" errors="0" skipped="0" failures="0">
  <properties>
[...]
</properties>
  <testcase name="testExecutions" classname="chess.BoardTests" time="0.016">
    <system-out><![CDATA[1234567891011121314151617181920212223242526272829303132
 Board: 
 

|bT|bKn|bB|bQ|bK|bB|bKn|bT|
|bP|bP|bP|bP|bP|bP|bP|bP|
|  |  |  |  |  |  |  |  |
|  |  |  |  |  |  |  |  |
|  |  |  |  |  |  |  |  |
|  |  |  |  |  |  |  |  |
|wP|wP|wP|wP|wP|wP|wP|wP|
|wT|wKn|wB|wQ|wK|wB|wKn|wT|
 Pieces Array: 
|P||P||P||P||P||P||P||P||T||Kn||B||Q||K||B||Kn||T||P||P||P||P||P||P||P||P||T||Kn||B||Q||K||B||Kn||T| 

 Board Hash: 
6061626364656667707172737475767710111213141516170001020304050607 

6061626364656667707172737475767710111213141516170001020304050607

 Board: 
 

|bT|bKn|bB|bQ|bK|bB|bKn|bT|
|bP|bP|bP|bP|bP|bP|bP|bP|
|  |  |  |  |  |  |  |  |
|  |  |  |  |  |  |  |  |
|  |  |  |  |wP|  |  |  |
|  |  |  |  |  |  |  |  |
|wP|wP|wP|wP|  |wP|wP|wP|
|wT|wKn|wB|wQ|wK|wB|wKn|wT|
 Pieces Array: 
|P||P||P||P||P||P||P||P||T||Kn||B||Q||K||B||Kn||T||P||P||P||P||P||P||P||P||T||Kn||B||Q||K||B||Kn||T| 

 Board Hash: 
6061626344656667707172737475767710111213141516170001020304050607 

6061626344656667707172737475767710111213141516170001020304050607

 Board: 
 

|bT|bKn|bB|bQ|bK|bB|bKn|bT|
|bP|bP|bP|bP|  |bP|bP|bP|
|  |  |  |  |  |  |  |  |
|  |  |  |  |bP|  |  |  |
|  |  |  |  |wP|  |  |  |
|  |  |  |  |  |  |  |  |
|wP|wP|wP|wP|  |wP|wP|wP|
|wT|wKn|wB|wQ|wK|wB|wKn|wT|
 Pieces Array: 
|P||P||P||P||P||P||P||P||T||Kn||B||Q||K||B||Kn||T||P||P||P||P||P||P||P||P||T||Kn||B||Q||K||B||Kn||T| 

 Board Hash: 
6061626344656667707172737475767710111213341516170001020304050607 

6061626344656667707172737475767710111213341516170001020304050607

 Board: 
 

|bT|bKn|bB|bQ|bK|bB|bKn|bT|
|bP|bP|bP|bP|  |bP|bP|bP|
|  |  |  |  |  |  |  |  |
|  |  |  |  |bP|  |  |  |
|  |  |  |  |wP|  |  |  |
|  |  |  |  |  |wP|  |  |
|wP|wP|wP|wP|  |  |wP|wP|
|wT|wKn|wB|wQ|wK|wB|wKn|wT|
 Pieces Array: 
|P||P||P||P||P||P||P||P||T||Kn||B||Q||K||B||Kn||T||P||P||P||P||P||P||P||P||T||Kn||B||Q||K||B||Kn||T| 

 Board Hash: 
6061626344556667707172737475767710111213341516170001020304050607 

6061626344556667707172737475767710111213341516170001020304050607

 Board: 
 

|bT|bKn|bB|bQ|bK|bB|bKn|bT|
|bP|bP|bP|  |  |bP|bP|bP|
|  |  |  |  |  |  |  |  |
|  |  |  |bP|bP|  |  |  |
|  |  |  |  |wP|  |  |  |
|  |  |  |  |  |wP|  |  |
|wP|wP|wP|wP|  |  |wP|wP|
|wT|wKn|wB|wQ|wK|wB|wKn|wT|
 Pieces Array: 
|P||P||P||P||P||P||P||P||T||Kn||B||Q||K||B||Kn||T||P||P||P||P||P||P||P||P||T||Kn||B||Q||K||B||Kn||T| 

 Board Hash: 
6061626344556667707172737475767710111233341516170001020304050607 

6061626344556667707172737475767710111233341516170001020304050607

 Board: 
 

|bT|bKn|bB|bQ|bK|bB|bKn|bT|
|bP|bP|bP|  |  |bP|bP|bP|
|  |  |  |  |  |  |  |  |
|  |  |  |bP|bP|  |  |  |
|  |  |  |  |wP|  |  |  |
|  |  |  |  |  |wP|  |  |
|wP|wP|wP|wP|  |  |wP|wP|
|wT|wKn|wB|wQ|wK|wB|wKn|wT|
 Pieces Array: 
|P||P||P||P||P||P||P||P||T||Kn||B||Q||K||B||Kn||T||P||P||P||P||P||P||P||P||T||Kn||B||Q||K||B||Kn||T| 

 Board Hash: 
6061626344556667707172737475767710111233341516170001020304050607 

6061626344556667707172737475767710111233341516170001020304050607

 Board: 
 

|bT|bKn|bB|bQ|bK|bB|bKn|bT|
|bP|bP|bP|  |  |bP|bP|bP|
|  |  |  |  |  |  |  |  |
|  |  |  |wP|bP|  |  |  |
|  |  |  |  |  |  |  |  |
|  |  |  |  |  |wP|  |  |
|wP|wP|wP|wP|  |  |wP|wP|
|wT|wKn|wB|wQ|wK|wB|wKn|wT|
 Pieces Array: 
|P||P||P||P||P||P||P||P||T||Kn||B||Q||K||B||Kn||T||P||P||P||P||P||P||P||P||T||Kn||B||Q||K||B||Kn||T| 

 Board Hash: 
6061626333556667707172737475767710111288341516170001020304050607 

6061626333556667707172737475767710111288341516170001020304050607

 Board: 
 

|bT|bKn|bB|bQ|bK|bB|bKn|bT|
|  |bP|bP|  |  |bP|bP|bP|
|  |  |  |  |  |  |  |  |
|bP|  |  |wP|bP|  |  |  |
|  |  |  |  |  |  |  |  |
|  |  |  |  |  |wP|  |  |
|wP|wP|wP|wP|  |  |wP|wP|
|wT|wKn|wB|wQ|wK|wB|wKn|wT|
 Pieces Array: 
|P||P||P||P||P||P||P||P||T||Kn||B||Q||K||B||Kn||T||P||P||P||P||P||P||P||P||T||Kn||B||Q||K||B||Kn||T| 

 Board Hash: 
6061626333556667707172737475767730111288341516170001020304050607 

6061626333556667707172737475767730111288341516170001020304050607

 Board: 
 

|bT|bKn|bB|bQ|bK|bB|bKn|bT|
|  |bP|bP|  |  |bP|bP|bP|
|  |  |  |  |  |  |  |  |
|bP|  |  |wP|bP|  |  |  |
|wP|  |  |  |  |  |  |  |
|  |  |  |  |  |wP|  |  |
|  |wP|wP|wP|  |  |wP|wP|
|wT|wKn|wB|wQ|wK|wB|wKn|wT|
 Pieces Array: 
|P||P||P||P||P||P||P||P||T||Kn||B||Q||K||B||Kn||T||P||P||P||P||P||P||P||P||T||Kn||B||Q||K||B||Kn||T| 

 Board Hash: 
4061626333556667707172737475767730111288341516170001020304050607 

4061626333556667707172737475767730111288341516170001020304050607

 Board: 
 

|bT|bKn|bB|bQ|bK|bB|bKn|bT|
|  |bP|bP|  |  |bP|bP|bP|
|  |  |  |  |  |  |  |  |
|bP|  |  |wP|bP|  |  |  |
|wP|  |  |  |  |  |  |  |
|  |  |  |  |  |wP|  |  |
|  |wP|wP|wP|  |  |wP|wP|
|wT|wKn|wB|wQ|wK|wB|wKn|wT|
 Pieces Array: 
|P||P||P||P||P||P||P||P||T||Kn||B||Q||K||B||Kn||T||P||P||P||P||P||P||P||P||T||Kn||B||Q||K||B||Kn||T| 

 Board Hash: 
4061626333556667707172737475767730111288341516170001020304050607 

4061626333556667707172737475767730111288341516170001020304050607

 Board: 
 

|bT|bKn|bB|bQ|bK|bB|bKn|bT|
|  |bP|bP|  |  |bP|bP|bP|
|  |  |  |  |  |  |  |  |
|bP|  |  |wP|bP|  |  |  |
|wP|  |  |  |  |  |  |  |
|  |  |  |  |  |wP|  |  |
|  |wP|wP|wP|  |  |wP|wP|
|wT|wKn|wB|wQ|wK|wB|wKn|wT|
 Pieces Array: 
|P||P||P||P||P||P||P||P||T||Kn||B||Q||K||B||Kn||T||P||P||P||P||P||P||P||P||T||Kn||B||Q||K||B||Kn||T| 

 Board Hash: 
4061626333556667707172737475767730111288341516170001020304050607 

4061626333556667707172737475767730111288341516170001020304050607

 Board: 
 

|bT|bKn|bB|bQ|bK|bB|bKn|bT|
|  |  |bP|  |  |bP|bP|bP|
|  |  |  |  |  |  |  |  |
|bP|bP|  |wP|bP|  |  |  |
|wP|  |  |  |  |  |  |  |
|  |  |  |  |  |wP|  |  |
|  |wP|wP|wP|  |  |wP|wP|
|wT|wKn|wB|wQ|wK|wB|wKn|wT|
 Pieces Array: 
|P||P||P||P||P||P||P||P||T||Kn||B||Q||K||B||Kn||T||P||P||P||P||P||P||P||P||T||Kn||B||Q||K||B||Kn||T| 

 Board Hash: 
4061626333556667707172737475767730311288341516170001020304050607 

4061626333556667707172737475767730311288341516170001020304050607

 Board: 
 

|bT|bKn|bB|bQ|bK|bB|bKn|bT|
|  |  |bP|  |  |bP|bP|bP|
|  |  |  |  |  |  |  |  |
|bP|wP|  |wP|bP|  |  |  |
|  |  |  |  |  |  |  |  |
|  |  |  |  |  |wP|  |  |
|  |wP|wP|wP|  |  |wP|wP|
|wT|wKn|wB|wQ|wK|wB|wKn|wT|
 Pieces Array: 
|P||P||P||P||P||P||P||P||T||Kn||B||Q||K||B||Kn||T||P||P||P||P||P||P||P||P||T||Kn||B||Q||K||B||Kn||T| 

 Board Hash: 
3161626333556667707172737475767730881288341516170001020304050607 

3161626333556667707172737475767730881288341516170001020304050607
]]></system-out>
  </testcase>
  <testcase name="testMoveingFreelySomePieces" classname="chess.BoardTests" time="0.001">
    <system-out><![CDATA[1234567891011121314151617181920212223242526272829303132
 Board: 
 

|  |  |  |  |  |  |  |  |
|  |  |  |  |  |  |  |  |
|  |  |  |  |  |  |  |  |
|  |  |  |  |  |  |  |  |
|  |  |  |  |wB|  |  |  |
|  |  |  |  |  |  |  |  |
|  |  |  |  |  |  |  |  |
|  |  |  |  |  |  |  |  |
 Pieces Array: 
|P||P||P||P||P||P||P||P||T||Kn||B||Q||K||B||Kn||T||P||P||P||P||P||P||P||P||T||Kn||B||Q||K||B||Kn||T| 

 Board Hash: 
8888888888888888888844888888888888888888888888888888888888888888 


 Board: 
 

|  |  |  |  |  |  |  |  |
|  |  |  |  |  |  |  |  |
|  |  |  |  |  |  |  |  |
|  |  |  |  |  |  |  |  |
|  |  |  |  |  |  |  |  |
|  |  |  |  |  |wB|  |  |
|  |  |  |  |  |  |  |  |
|  |  |  |  |  |  |  |  |
 Pieces Array: 
|P||P||P||P||P||P||P||P||T||Kn||B||Q||K||B||Kn||T||P||P||P||P||P||P||P||P||T||Kn||B||Q||K||B||Kn||T| 

 Board Hash: 
8888888888888888888855888888888888888888888888888888888888888888 

8888888888888888888855888888888888888888888888888888888888888888

 Board: 
 

|  |  |  |  |  |  |  |  |
|  |  |  |  |  |  |  |  |
|  |  |  |  |  |  |  |  |
|  |  |  |  |  |  |  |  |
|  |  |  |  |  |  |  |  |
|  |  |  |  |  |  |  |  |
|  |  |  |  |  |  |  |  |
|  |  |  |wB|  |  |  |  |
 Pieces Array: 
|P||P||P||P||P||P||P||P||T||Kn||B||Q||K||B||Kn||T||P||P||P||P||P||P||P||P||T||Kn||B||Q||K||B||Kn||T| 

 Board Hash: 
8888888888888888888873888888888888888888888888888888888888888888 


 Board: 
 

|  |  |  |  |  |  |  |  |
|  |  |  |  |  |  |  |  |
|  |  |  |  |  |  |  |  |
|  |  |  |  |  |  |  |  |
|  |  |  |  |bT|  |  |  |
|  |  |  |  |  |  |  |  |
|  |  |  |  |  |  |  |  |
|  |  |  |  |  |  |  |  |
 Pieces Array: 
|P||P||P||P||P||P||P||P||T||Kn||B||Q||K||B||Kn||T||P||P||P||P||P||P||P||P||T||Kn||B||Q||K||B||Kn||T| 

 Board Hash: 
8888888888888888888888888888888888888888888888888888888888888844 


 Board: 
 

|  |  |  |  |bT|  |  |  |
|  |  |  |  |  |  |  |  |
|  |  |  |  |  |  |  |  |
|  |  |  |  |  |  |  |  |
|  |  |  |  |  |  |  |  |
|  |  |  |  |  |  |  |  |
|  |  |  |  |  |  |  |  |
|  |  |  |  |  |  |  |  |
 Pieces Array: 
|P||P||P||P||P||P||P||P||T||Kn||B||Q||K||B||Kn||T||P||P||P||P||P||P||P||P||T||Kn||B||Q||K||B||Kn||T| 

 Board Hash: 
8888888888888888888888888888888888888888888888888888888888888804 


 Board: 
 

|bT|  |  |  |  |  |  |  |
|  |  |  |  |  |  |  |  |
|  |  |  |  |  |  |  |  |
|  |  |  |  |  |  |  |  |
|  |  |  |  |  |  |  |  |
|  |  |  |  |  |  |  |  |
|  |  |  |  |  |  |  |  |
|  |  |  |  |  |  |  |  |
 Pieces Array: 
|P||P||P||P||P||P||P||P||T||Kn||B||Q||K||B||Kn||T||P||P||P||P||P||P||P||P||T||Kn||B||Q||K||B||Kn||T| 

 Board Hash: 
8888888888888888888888888888888888888888888888888888888888888800 


 Board: 
 

|bT|  |  |  |  |  |  |  |
|  |  |  |  |  |  |  |  |
|  |  |  |  |  |  |  |  |
|  |  |  |  |  |  |  |  |
|  |  |  |  |  |  |  |  |
|  |  |  |  |  |  |  |  |
|  |  |  |  |  |  |  |  |
|  |  |  |  |  |  |  |  |
 Pieces Array: 
|P||P||P||P||P||P||P||P||T||Kn||B||Q||K||B||Kn||T||P||P||P||P||P||P||P||P||T||Kn||B||Q||K||B||Kn||T| 

 Board Hash: 
8888888888888888888888888888888888888888888888888888888888888800 

]]></system-out>
  </testcase>
  <testcase name="testKingChecked" classname="chess.BoardTests" time="0.005">
    <system-out><![CDATA[
 TEST 3 

1234567891011121314151617181920212223242526272829303132
 Board: 
 

|bK|bQ|bT|  |  |  |  |  |
|  |  |  |  |  |  |  |wT|
|  |  |  |  |  |  |  |  |
|  |  |  |  |  |  |  |  |
|  |  |  |  |  |  |  |  |
|  |  |  |  |  |wK|  |  |
|  |  |  |  |  |  |  |  |
|  |  |  |  |wQ|  |  |  |
 Pieces Array: 
|P||P||P||P||P||P||P||P||T||Kn||B||Q||K||B||Kn||T||P||P||P||P||P||P||P||P||T||Kn||B||Q||K||B||Kn||T| 

 Board Hash: 
8888888888888888178888745588888888888888888888888888880100888802 


 Board: 
 

|bK|bQ|  |  |  |  |  |  |
|  |  |  |  |  |  |  |wT|
|  |  |  |  |  |  |  |  |
|  |  |  |  |  |  |  |  |
|  |  |  |  |  |  |  |  |
|  |  |bT|  |  |wK|  |  |
|  |  |  |  |  |  |  |  |
|  |  |  |  |wQ|  |  |  |
 Pieces Array: 
|P||P||P||P||P||P||P||P||T||Kn||B||Q||K||B||Kn||T||P||P||P||P||P||P||P||P||T||Kn||B||Q||K||B||Kn||T| 

 Board Hash: 
8888888888888888178888745588888888888888888888888888880100888852 


 Board: 
 

|bK|bQ|  |  |  |  |  |  |
|  |  |  |  |  |  |  |wT|
|  |  |  |  |  |  |  |  |
|  |  |  |  |  |  |  |  |
|  |  |  |  |  |  |  |  |
|  |  |bT|  |  |wK|  |  |
|  |  |  |  |  |  |  |  |
|  |  |  |  |wQ|  |  |  |
 Pieces Array: 
|P||P||P||P||P||P||P||P||T||Kn||B||Q||K||B||Kn||T||P||P||P||P||P||P||P||P||T||Kn||B||Q||K||B||Kn||T| 

 Board Hash: 
8888888888888888178888745588888888888888888888888888880100888852 


 Board: 
 

|bK|bQ|  |  |  |  |  |  |
|  |  |  |  |  |  |  |wT|
|  |  |  |  |  |  |  |  |
|  |  |  |  |  |  |  |  |
|  |  |  |  |  |  |  |  |
|  |  |wQ|  |  |wK|  |  |
|  |  |  |  |  |  |  |  |
|  |  |  |  |  |  |  |  |
 Pieces Array: 
|P||P||P||P||P||P||P||P||T||Kn||B||Q||K||B||Kn||T||P||P||P||P||P||P||P||P||T||Kn||B||Q||K||B||Kn||T| 

 Board Hash: 
8888888888888888178888525588888888888888888888888888880100888888 


 Board: 
 

|bK|  |  |  |  |  |  |  |
|  |bQ|  |  |  |  |  |wT|
|  |  |  |  |  |  |  |  |
|  |  |  |  |  |  |  |  |
|  |  |  |  |  |  |  |  |
|  |  |wQ|  |  |wK|  |  |
|  |  |  |  |  |  |  |  |
|  |  |  |  |  |  |  |  |
 Pieces Array: 
|P||P||P||P||P||P||P||P||T||Kn||B||Q||K||B||Kn||T||P||P||P||P||P||P||P||P||T||Kn||B||Q||K||B||Kn||T| 

 Board Hash: 
8888888888888888178888525588888888888888888888888888881100888888 


 Board: 
 

|bK|  |  |  |  |  |  |  |
|  |bQ|  |  |  |  |  |wT|
|  |  |  |  |  |  |  |  |
|  |  |  |  |  |  |  |  |
|  |  |  |  |  |  |  |  |
|  |  |wQ|  |  |wK|  |  |
|  |  |  |  |  |  |  |  |
|  |  |  |  |  |  |  |  |
 Pieces Array: 
|P||P||P||P||P||P||P||P||T||Kn||B||Q||K||B||Kn||T||P||P||P||P||P||P||P||P||T||Kn||B||Q||K||B||Kn||T| 

 Board Hash: 
8888888888888888178888525588888888888888888888888888881100888888 


 Board: 
 

|bK|  |  |  |  |  |  |  |
|  |bQ|  |  |  |  |  |wT|
|  |  |  |  |  |  |  |  |
|  |  |  |  |  |  |  |  |
|  |  |  |  |  |  |  |  |
|  |  |wQ|  |  |wK|  |  |
|  |  |  |  |  |  |  |  |
|  |  |  |  |  |  |  |  |
 Pieces Array: 
|P||P||P||P||P||P||P||P||T||Kn||B||Q||K||B||Kn||T||P||P||P||P||P||P||P||P||T||Kn||B||Q||K||B||Kn||T| 

 Board Hash: 
8888888888888888178888525588888888888888888888888888881100888888 


 Board: 
 

|bK|  |  |  |  |  |  |  |
|  |bQ|  |  |  |  |  |wT|
|  |  |  |  |  |  |  |  |
|  |  |  |  |  |  |  |  |
|  |  |  |  |  |  |  |  |
|  |  |wQ|  |  |wK|  |  |
|  |  |  |  |  |  |  |  |
|  |  |  |  |  |  |  |  |
 Pieces Array: 
|P||P||P||P||P||P||P||P||T||Kn||B||Q||K||B||Kn||T||P||P||P||P||P||P||P||P||T||Kn||B||Q||K||B||Kn||T| 

 Board Hash: 
8888888888888888178888525588888888888888888888888888881100888888 


 Board: 
 

|bK|  |  |  |  |  |  |  |
|  |bQ|  |  |  |  |  |wT|
|  |  |  |  |  |  |  |  |
|  |  |  |  |  |  |  |  |
|  |  |  |  |  |  |  |  |
|  |  |wQ|  |  |  |  |  |
|  |  |  |  |  |wK|  |  |
|  |  |  |  |  |  |  |  |
 Pieces Array: 
|P||P||P||P||P||P||P||P||T||Kn||B||Q||K||B||Kn||T||P||P||P||P||P||P||P||P||T||Kn||B||Q||K||B||Kn||T| 

 Board Hash: 
8888888888888888178888526588888888888888888888888888881100888888 


 Board: 
 

|bK|  |  |  |  |  |  |  |
|  |  |  |  |  |  |  |wT|
|  |  |  |  |  |  |  |  |
|  |  |  |bQ|  |  |  |  |
|  |  |  |  |  |  |  |  |
|  |  |wQ|  |  |  |  |  |
|  |  |  |  |  |wK|  |  |
|  |  |  |  |  |  |  |  |
 Pieces Array: 
|P||P||P||P||P||P||P||P||T||Kn||B||Q||K||B||Kn||T||P||P||P||P||P||P||P||P||T||Kn||B||Q||K||B||Kn||T| 

 Board Hash: 
8888888888888888178888526588888888888888888888888888883300888888 


 Board: 
 

|bK|  |wQ|  |  |  |  |  |
|  |  |  |  |  |  |  |wT|
|  |  |  |  |  |  |  |  |
|  |  |  |bQ|  |  |  |  |
|  |  |  |  |  |  |  |  |
|  |  |  |  |  |  |  |  |
|  |  |  |  |  |wK|  |  |
|  |  |  |  |  |  |  |  |
 Pieces Array: 
|P||P||P||P||P||P||P||P||T||Kn||B||Q||K||B||Kn||T||P||P||P||P||P||P||P||P||T||Kn||B||Q||K||B||Kn||T| 

 Board Hash: 
8888888888888888178888026588888888888888888888888888883300888888 

]]></system-out>
  </testcase>
  <testcase name="testPawnUpgrade" classname="chess.BoardTests" time="0.002">
    <system-out><![CDATA[1234567891011121314151617181920212223242526272829303132
 Board: 
 

|  |  |  |  |  |  |  |  |
|  |  |  |  |  |  |  |wP|
|  |  |  |  |  |  |  |  |
|  |  |  |  |  |  |  |  |
|  |  |  |  |  |  |  |  |
|  |  |  |  |  |  |  |  |
|  |  |  |  |  |  |  |  |
|  |  |  |  |  |  |  |  |
 Pieces Array: 
|P||P||P||P||P||P||P||P||T||Kn||B||Q||K||B||Kn||T||P||P||P||P||P||P||P||P||T||Kn||B||Q||K||B||Kn||T| 

 Board Hash: 
8888888888888817888888888888888888888888888888888888888888888888 


 Board: 
 

|  |  |  |  |  |  |  |wQ|
|  |  |  |  |  |  |  |  |
|  |  |  |  |  |  |  |  |
|  |  |  |  |  |  |  |  |
|  |  |  |  |  |  |  |  |
|  |  |  |  |  |  |  |  |
|  |  |  |  |  |  |  |  |
|  |  |  |  |  |  |  |  |
 Pieces Array: 
|P||P||P||P||P||P||P||Q||T||Kn||B||Q||K||B||Kn||T||P||P||P||P||P||P||P||P||T||Kn||B||Q||K||B||Kn||T| 

 Board Hash: 
8888888888888807888888888888888888888888888888888888888888888888 

1234567891011121314151617181920212223242526272829303132
 Board: 
 

|  |  |  |  |  |  |  |wT|
|  |  |  |  |  |  |  |  |
|  |  |  |  |  |  |  |  |
|  |  |  |  |  |  |  |  |
|  |  |  |  |  |  |  |  |
|  |  |  |  |  |  |  |  |
|  |  |  |  |  |  |  |  |
|  |  |  |  |  |  |  |  |
 Pieces Array: 
|P||P||P||P||P||P||P||T||T||Kn||B||Q||K||B||Kn||T||P||P||P||P||P||P||P||P||T||Kn||B||Q||K||B||Kn||T| 

 Board Hash: 
8888888888888807888888888888888888888888888888888888888888888888 

1234567891011121314151617181920212223242526272829303132
 Board: 
 

|  |  |  |  |  |  |  |wB|
|  |  |  |  |  |  |  |  |
|  |  |  |  |  |  |  |  |
|  |  |  |  |  |  |  |  |
|  |  |  |  |  |  |  |  |
|  |  |  |  |  |  |  |  |
|  |  |  |  |  |  |  |  |
|  |  |  |  |  |  |  |  |
 Pieces Array: 
|P||P||P||P||P||P||P||B||T||Kn||B||Q||K||B||Kn||T||P||P||P||P||P||P||P||P||T||Kn||B||Q||K||B||Kn||T| 

 Board Hash: 
8888888888888807888888888888888888888888888888888888888888888888 

1234567891011121314151617181920212223242526272829303132
 Board: 
 

|  |  |  |  |  |  |  |wKn|
|  |  |  |  |  |  |  |  |
|  |  |  |  |  |  |  |  |
|  |  |  |  |  |  |  |  |
|  |  |  |  |  |  |  |  |
|  |  |  |  |  |  |  |  |
|  |  |  |  |  |  |  |  |
|  |  |  |  |  |  |  |  |
 Pieces Array: 
|P||P||P||P||P||P||P||Kn||T||Kn||B||Q||K||B||Kn||T||P||P||P||P||P||P||P||P||T||Kn||B||Q||K||B||Kn||T| 

 Board Hash: 
8888888888888807888888888888888888888888888888888888888888888888 

]]></system-out>
  </testcase>
</testsuite>