<?xml version="1.0" encoding="UTF-8"?>
<testsuite xmlns:xsi="http://www.w3.org/2001/XMLSchema-instance" xsi:noNamespaceSchemaLocation="https://maven.apache.org/surefire/maven-surefire-plugin/xsd/surefire-test-report-3.0.xsd" version="3.0" name="chess.BoardTests" time="0.023" tests="1" errors="0" skipped="0" failures="0">
  <properties>
[...]
</properties>
  <testcase name="testcastleKing" classname="chess.BoardTests" time="0.017">
    <system-out><![CDATA[1234567891011121314151617181920212223242526272829303132
 Board: 
 

|bR|  |  |  |bK|  |  |bR|
|bP|bP|bP|bP|bP|bP|bP|bP|
|  |  |  |  |  |  |  |  |
|  |  |  |  |  |  |  |  |
|  |  |  |  |  |  |  |  |
|  |  |  |  |  |  |  |  |
|wP|wP|wP|wP|wP|wP|wP|wP|
|wR|  |  |  |wK|  |  |wR|
 Pieces Array: 
|P||P||P||P||P||P||P||P||R||Kn||B||Q||K||B||Kn||R||P||P||P||P||P||P||P||P||R||Kn||B||Q||K||B||Kn||R| 

 Board Hash: 
6061626364656667708888887488887710111213141516170088888804888807 


 Board: 
 

|bR|  |  |  |bK|  |  |bR|
|bP|bP|bP|bP|bP|bP|bP|bP|
|  |  |  |  |  |  |  |  |
|  |  |  |  |  |  |  |  |
|  |  |  |  |  |  |  |  |
|  |  |  |  |  |  |  |  |
|wP|wP|wP|wP|wP|wP|wP|wP|
|wR|  |  |  |  |wR|wK|  |
 Pieces Array: 
|P||P||P||P||P||P||P||P||R||Kn||B||Q||K||B||Kn||R||P||P||P||P||P||P||P||P||R||Kn||B||Q||K||B||Kn||R| 

 Board Hash: 
6061626364656667708888887688887510111213141516170088888804888807 


 Board: 
 

|  |  |bK|bR|  |  |  |bR|
|bP|bP|bP|bP|bP|bP|bP|bP|
|  |  |  |  |  |  |  |  |
|  |  |  |  |  |  |  |  |
|  |  |  |  |  |  |  |  |
|  |  |  |  |  |  |  |  |
|wP|wP|wP|wP|wP|wP|wP|wP|
|wR|  |  |  |  |wR|wK|  |
 Pieces Array: 
|P||P||P||P||P||P||P||P||R||Kn||B||Q||K||B||Kn||R||P||P||P||P||P||P||P||P||R||Kn||B||Q||K||B||Kn||R| 

 Board Hash: 
6061626364656667708888887688887510111213141516170388888802888807 

1234567891011121314151617181920212223242526272829303132
 Board: 
 

|  |  |bK|bR|  |  |  |bR|
|bP|bP|bP|bP|bP|bP|bP|bP|
|  |  |  |  |  |  |  |  |
|  |  |  |  |  |  |  |  |
|  |  |  |  |  |  |  |  |
|  |  |  |  |  |  |  |  |
|wP|wP|wP|wP|wP|wP|wP|wP|
|wR|  |  |wK|  |  |  |wR|
 Pieces Array: 
|P||P||P||P||P||P||P||P||R||Kn||B||Q||K||B||Kn||R||P||P||P||P||P||P||P||P||R||Kn||B||Q||K||B||Kn||R| 

 Board Hash: 
6061626364656667708888887388887710111213141516170388888802888807 

1234567891011121314151617181920212223242526272829303132
 Board: 
 

|  |  |bK|bR|  |  |  |bR|
|  |bP|bP|bP|bP|bP|bP|bP|
|bP|  |  |  |  |  |  |  |
|  |  |  |  |  |  |  |  |
|  |  |  |  |  |  |  |  |
|  |  |  |  |  |  |  |  |
|wP|wP|wP|wP|wP|wP|wP|wP|
|wR|  |  |  |wK|  |  |wR|
 Pieces Array: 
|P||P||P||P||P||P||P||P||R||Kn||B||Q||K||B||Kn||R||P||P||P||P||P||P||P||P||R||Kn||B||Q||K||B||Kn||R| 

 Board Hash: 
6061626364656667708888887488887720111213141516170388888802888807 


 Board: 
 

|  |  |bK|bR|  |  |  |bR|
|  |bP|bP|bP|bP|bP|bP|bP|
|bP|  |  |  |  |  |  |  |
|  |  |  |  |  |  |  |  |
|  |  |  |  |  |  |  |  |
|  |  |  |  |  |  |  |  |
|wP|wP|wP|wP|wP|wP|wP|wP|
|wR|  |  |  |  |wR|wK|  |
 Pieces Array: 
|P||P||P||P||P||P||P||P||R||Kn||B||Q||K||B||Kn||R||P||P||P||P||P||P||P||P||R||Kn||B||Q||K||B||Kn||R| 

 Board Hash: 
6061626364656667708888887688887520111213141516170388888802888807 

1234567891011121314151617181920212223242526272829303132
 Board: 
 

|bR|  |  |  |bK|  |  |bR|
|bP|bP|bP|bP|bP|bP|bP|bP|
|  |  |  |  |  |  |  |  |
|  |  |  |  |  |  |  |  |
|  |  |  |  |  |  |  |  |
|  |  |  |  |  |  |  |  |
|wP|wP|wP|wP|wP|wP|wP|wP|
|wR|wKn|  |  |wK|  |wKn|wR|
 Pieces Array: 
|P||P||P||P||P||P||P||P||R||Kn||B||Q||K||B||Kn||R||P||P||P||P||P||P||P||P||R||Kn||B||Q||K||B||Kn||R| 

 Board Hash: 
6061626364656667707188887488767710111213141516170088888804888807 

1234567891011121314151617181920212223242526272829303132
 Board: 
 

|bR|  |  |  |bK|  |  |bR|
|bP|bP|bP|bP|bQ|bP|bP|bP|
|  |  |  |  |  |  |  |  |
|  |  |  |  |  |  |  |  |
|  |  |  |  |  |  |  |  |
|  |  |  |  |  |  |  |  |
|wP|wP|wP|wP|  |wP|wP|wP|
|wR|  |  |  |wK|  |  |wR|
 Pieces Array: 
|P||P||P||P||P||P||P||P||R||Kn||B||Q||K||B||Kn||R||P||P||P||P||P||P||P||P||R||Kn||B||Q||K||B||Kn||R| 

 Board Hash: 
6061626388656667708888887488887710111213881516170088881404888807 

1234567891011121314151617181920212223242526272829303132
 Board: 
 

|bR|  |  |  |bK|  |  |bR|
|wQ|  |  |bP|bP|bP|bP|bP|
|  |  |  |  |  |  |  |  |
|  |  |  |  |  |  |  |  |
|  |  |  |  |  |  |  |  |
|  |  |  |  |  |  |  |  |
|wP|wP|wP|wP|wP|  |bQ|  |
|wR|  |  |  |wK|  |  |wR|
 Pieces Array: 
|P||P||P||P||P||P||P||P||R||Kn||B||Q||K||B||Kn||R||P||P||P||P||P||P||P||P||R||Kn||B||Q||K||B||Kn||R| 

 Board Hash: 
6061626364888888708888107488887788888813141516170088886604888807 


 Board: 
 

|bR|  |  |  |bK|  |  |bR|
|wQ|  |  |bP|bP|bP|bP|bP|
|  |  |  |  |  |  |  |  |
|  |  |  |  |  |  |  |  |
|  |  |  |  |  |  |  |  |
|  |  |  |  |  |  |  |  |
|wP|wP|wP|wP|wP|  |bQ|  |
|  |  |wK|wR|  |  |  |wR|
 Pieces Array: 
|P||P||P||P||P||P||P||P||R||Kn||B||Q||K||B||Kn||R||P||P||P||P||P||P||P||P||R||Kn||B||Q||K||B||Kn||R| 

 Board Hash: 
6061626364888888738888107288887788888813141516170088886604888807 


 Board: 
 

|bR|  |  |  |  |bR|bK|  |
|wQ|  |  |bP|bP|bP|bP|bP|
|  |  |  |  |  |  |  |  |
|  |  |  |  |  |  |  |  |
|  |  |  |  |  |  |  |  |
|  |  |  |  |  |  |  |  |
|wP|wP|wP|wP|wP|  |bQ|  |
|  |  |wK|wR|  |  |  |wR|
 Pieces Array: 
|P||P||P||P||P||P||P||P||R||Kn||B||Q||K||B||Kn||R||P||P||P||P||P||P||P||P||R||Kn||B||Q||K||B||Kn||R| 

 Board Hash: 
6061626364888888738888107288887788888813141516170088886606888805 

]]></system-out>
  </testcase>
</testsuite>